CRITICAL - 2024-05-03 17:14:16 --> InvalidArgumentException: "blog" is not a valid database connection group.
[Method: GET, Route: /]
in SYSTEMPATH\Database\Config.php on line 72.
 1 APPPATH\Controllers\BlogController.php(7): CodeIgniter\Database\Config::connect('blog')
 2 SYSTEMPATH\Autoloader\Autoloader.php(317): include_once('C:\\xampp\\htdocs\\phpProject\\app\\Controllers\\BlogController.php')
 3 SYSTEMPATH\Autoloader\Autoloader.php(296): CodeIgniter\Autoloader\Autoloader->includeFile('C:\\xampp\\htdocs\\phpProject\\app\\Controllers\\BlogController.php')
 4 SYSTEMPATH\Autoloader\Autoloader.php(272): CodeIgniter\Autoloader\Autoloader->loadInNamespace('App\\Controllers\\BlogController')
 5 [internal function]: CodeIgniter\Autoloader\Autoloader->loadClass('App\\Controllers\\BlogController')
 6 SYSTEMPATH\CodeIgniter.php(887): class_exists('\\App\\Controllers\\BlogController', true)
 7 SYSTEMPATH\CodeIgniter.php(496): CodeIgniter\CodeIgniter->startController()
 8 SYSTEMPATH\CodeIgniter.php(355): CodeIgniter\CodeIgniter->handleRequest(null, Object(Config\Cache), false)
 9 SYSTEMPATH\Boot.php(312): CodeIgniter\CodeIgniter->run()
10 SYSTEMPATH\Boot.php(67): CodeIgniter\Boot::runCodeIgniter(Object(CodeIgniter\CodeIgniter))
11 FCPATH\index.php(56): CodeIgniter\Boot::bootWeb(Object(Config\Paths))
12 SYSTEMPATH\Commands\Server\rewrite.php(49): require_once('C:\\xampp\\htdocs\\phpProject\\public\\index.php')
CRITICAL - 2024-05-03 17:14:19 --> InvalidArgumentException: "blog" is not a valid database connection group.
[Method: GET, Route: /]
in SYSTEMPATH\Database\Config.php on line 72.
 1 APPPATH\Controllers\BlogController.php(7): CodeIgniter\Database\Config::connect('blog')
 2 SYSTEMPATH\Autoloader\Autoloader.php(317): include_once('C:\\xampp\\htdocs\\phpProject\\app\\Controllers\\BlogController.php')
 3 SYSTEMPATH\Autoloader\Autoloader.php(296): CodeIgniter\Autoloader\Autoloader->includeFile('C:\\xampp\\htdocs\\phpProject\\app\\Controllers\\BlogController.php')
 4 SYSTEMPATH\Autoloader\Autoloader.php(272): CodeIgniter\Autoloader\Autoloader->loadInNamespace('App\\Controllers\\BlogController')
 5 [internal function]: CodeIgniter\Autoloader\Autoloader->loadClass('App\\Controllers\\BlogController')
 6 SYSTEMPATH\CodeIgniter.php(887): class_exists('\\App\\Controllers\\BlogController', true)
 7 SYSTEMPATH\CodeIgniter.php(496): CodeIgniter\CodeIgniter->startController()
 8 SYSTEMPATH\CodeIgniter.php(355): CodeIgniter\CodeIgniter->handleRequest(null, Object(Config\Cache), false)
 9 SYSTEMPATH\Boot.php(312): CodeIgniter\CodeIgniter->run()
10 SYSTEMPATH\Boot.php(67): CodeIgniter\Boot::runCodeIgniter(Object(CodeIgniter\CodeIgniter))
11 FCPATH\index.php(56): CodeIgniter\Boot::bootWeb(Object(Config\Paths))
12 SYSTEMPATH\Commands\Server\rewrite.php(49): require_once('C:\\xampp\\htdocs\\phpProject\\public\\index.php')
CRITICAL - 2024-05-03 17:14:31 --> InvalidArgumentException: "blog" is not a valid database connection group.
[Method: GET, Route: /]
in SYSTEMPATH\Database\Config.php on line 72.
 1 APPPATH\Models\BlogModel.php(6): CodeIgniter\Database\Config::connect('blog')
 2 SYSTEMPATH\Autoloader\Autoloader.php(317): include_once('C:\\xampp\\htdocs\\phpProject\\app\\Models\\BlogModel.php')
 3 SYSTEMPATH\Autoloader\Autoloader.php(296): CodeIgniter\Autoloader\Autoloader->includeFile('C:\\xampp\\htdocs\\phpProject\\app\\Models\\BlogModel.php')
 4 SYSTEMPATH\Autoloader\Autoloader.php(272): CodeIgniter\Autoloader\Autoloader->loadInNamespace('App\\Models\\BlogModel')
 5 APPPATH\Controllers\BlogController.php(13): CodeIgniter\Autoloader\Autoloader->loadClass('App\\Models\\BlogModel')
 6 SYSTEMPATH\CodeIgniter.php(933): App\Controllers\BlogController->index()
 7 SYSTEMPATH\CodeIgniter.php(509): CodeIgniter\CodeIgniter->runController(Object(App\Controllers\BlogController))
 8 SYSTEMPATH\CodeIgniter.php(355): CodeIgniter\CodeIgniter->handleRequest(null, Object(Config\Cache), false)
 9 SYSTEMPATH\Boot.php(312): CodeIgniter\CodeIgniter->run()
10 SYSTEMPATH\Boot.php(67): CodeIgniter\Boot::runCodeIgniter(Object(CodeIgniter\CodeIgniter))
11 FCPATH\index.php(56): CodeIgniter\Boot::bootWeb(Object(Config\Paths))
12 SYSTEMPATH\Commands\Server\rewrite.php(49): require_once('C:\\xampp\\htdocs\\phpProject\\public\\index.php')
CRITICAL - 2024-05-03 17:14:42 --> InvalidArgumentException: "blog" is not a valid database connection group.
[Method: GET, Route: /]
in SYSTEMPATH\Database\Config.php on line 72.
 1 APPPATH\Controllers\BlogController.php(7): CodeIgniter\Database\Config::connect('blog')
 2 SYSTEMPATH\Autoloader\Autoloader.php(317): include_once('C:\\xampp\\htdocs\\phpProject\\app\\Controllers\\BlogController.php')
 3 SYSTEMPATH\Autoloader\Autoloader.php(296): CodeIgniter\Autoloader\Autoloader->includeFile('C:\\xampp\\htdocs\\phpProject\\app\\Controllers\\BlogController.php')
 4 SYSTEMPATH\Autoloader\Autoloader.php(272): CodeIgniter\Autoloader\Autoloader->loadInNamespace('App\\Controllers\\BlogController')
 5 [internal function]: CodeIgniter\Autoloader\Autoloader->loadClass('App\\Controllers\\BlogController')
 6 SYSTEMPATH\CodeIgniter.php(887): class_exists('\\App\\Controllers\\BlogController', true)
 7 SYSTEMPATH\CodeIgniter.php(496): CodeIgniter\CodeIgniter->startController()
 8 SYSTEMPATH\CodeIgniter.php(355): CodeIgniter\CodeIgniter->handleRequest(null, Object(Config\Cache), false)
 9 SYSTEMPATH\Boot.php(312): CodeIgniter\CodeIgniter->run()
10 SYSTEMPATH\Boot.php(67): CodeIgniter\Boot::runCodeIgniter(Object(CodeIgniter\CodeIgniter))
11 FCPATH\index.php(56): CodeIgniter\Boot::bootWeb(Object(Config\Paths))
12 SYSTEMPATH\Commands\Server\rewrite.php(49): require_once('C:\\xampp\\htdocs\\phpProject\\public\\index.php')
